[debug] [2020-12-22T23:12:16.866Z] ----------------------------------------------------------------------
[debug] [2020-12-22T23:12:16.869Z] Command:       /usr/local/bin/node /usr/local/bin/firebase emulators:start
[debug] [2020-12-22T23:12:16.869Z] CLI Version:   8.18.1
[debug] [2020-12-22T23:12:16.869Z] Platform:      darwin
[debug] [2020-12-22T23:12:16.870Z] Node Version:  v12.16.1
[debug] [2020-12-22T23:12:16.872Z] Time:          Tue Dec 22 2020 16:12:16 GMT-0700 (Mountain Standard Time)
[debug] [2020-12-22T23:12:16.873Z] ----------------------------------------------------------------------
[debug] [2020-12-22T23:12:16.873Z] 
[debug] [2020-12-22T23:12:16.886Z] > command requires scopes: ["email","openid","https://www.googleapis.com/auth/cloudplatformprojects.readonly","https://www.googleapis.com/auth/firebase","https://www.googleapis.com/auth/cloud-platform"]
[debug] [2020-12-22T23:12:16.887Z] > authorizing via signed-in user
[info] i  emulators: Starting emulators: functions, hosting {"metadata":{"emulator":{"name":"hub"},"message":"Starting emulators: functions, hosting"}}
[warn] ⚠  emulators: It seems that you are running multiple instances of the emulator suite for project clone-e6fc9. This may result in unexpected behavior. 
[debug] [2020-12-22T23:12:16.915Z] [hub] writing locator at /var/folders/p7/8tm68fxx4lxd183_n8qsklx80000gn/T/hub-clone-e6fc9.json
[warn] ⚠  functions: The following emulators are not running, calls to these services from the Functions emulator will affect production: auth, firestore, database, pubsub {"metadata":{"emulator":{"name":"functions"},"message":"The following emulators are not running, calls to these services from the Functions emulator will affect production: \u001b[1mauth, firestore, database, pubsub\u001b[22m"}}
[info] ✔  functions: Using node@12 from host. {"metadata":{"emulator":{"name":"functions"},"message":"Using node@12 from host."}}
[debug] [2020-12-22T23:12:16.971Z] defaultcredentials: writing to file /Users/monicakes/.config/firebase/missmemonica_gmail_com_application_default_credentials.json
[debug] [2020-12-22T23:12:16.982Z] Setting GAC to /Users/monicakes/.config/firebase/missmemonica_gmail_com_application_default_credentials.json {"metadata":{"emulator":{"name":"functions"},"message":"Setting GAC to /Users/monicakes/.config/firebase/missmemonica_gmail_com_application_default_credentials.json"}}
[debug] [2020-12-22T23:12:16.995Z] >>> HTTP REQUEST GET https://firebase.googleapis.com/v1beta1/projects/clone-e6fc9/webApps/-/config  
 
[debug] [2020-12-22T23:12:17.690Z] <<< HTTP RESPONSE 200 {"content-type":"application/json; charset=UTF-8","vary":"X-Origin, Referer, Origin,Accept-Encoding","date":"Tue, 22 Dec 2020 23:12:17 GMT","server":"ESF","cache-control":"private","x-xss-protection":"0","x-frame-options":"SAMEORIGIN","x-content-type-options":"nosniff","alt-svc":"h3-29=\":443\"; ma=2592000,h3-T051=\":443\"; ma=2592000,h3-Q050=\":443\"; ma=2592000,h3-Q046=\":443\"; ma=2592000,h3-Q043=\":443\"; ma=2592000,quic=\":443\"; ma=2592000; v=\"46,43\"","accept-ranges":"none","transfer-encoding":"chunked"}
[info] i  hosting: Serving hosting files from: build {"metadata":{"emulator":{"name":"hosting"},"message":"Serving hosting files from: \u001b[1mbuild\u001b[22m"}}
[info] ✔  hosting: Local server: http://localhost:5000 {"metadata":{"emulator":{"name":"hosting"},"message":"Local server: \u001b[4m\u001b[1mhttp://localhost:5000\u001b[22m\u001b[24m"}}
[warn] ⚠  ui: Emulator UI unable to start on port 4000, starting on 4001 instead. {"metadata":{"emulator":{"name":"ui"},"message":"Emulator UI unable to start on port 4000, starting on 4001 instead."}}
[debug] [2020-12-22T23:12:17.774Z] Ignoring unsupported arg: auto_download {"metadata":{"emulator":{"name":"ui"},"message":"Ignoring unsupported arg: auto_download"}}
[debug] [2020-12-22T23:12:17.775Z] Ignoring unsupported arg: port {"metadata":{"emulator":{"name":"ui"},"message":"Ignoring unsupported arg: port"}}
[debug] [2020-12-22T23:12:17.775Z] Starting Emulator UI with command {"binary":"node","args":["/Users/monicakes/.cache/firebase/emulators/ui-v1.3.0/server.bundle.js"],"optionalArgs":[],"joinArgs":false} {"metadata":{"emulator":{"name":"ui"},"message":"Starting Emulator UI with command {\"binary\":\"node\",\"args\":[\"/Users/monicakes/.cache/firebase/emulators/ui-v1.3.0/server.bundle.js\"],\"optionalArgs\":[],\"joinArgs\":false}"}}
[info] i  ui: Emulator UI logging to ui-debug.log {"metadata":{"emulator":{"name":"ui"},"message":"Emulator UI logging to \u001b[1mui-debug.log\u001b[22m"}}
[debug] [2020-12-22T23:12:17.903Z] Web / API server started at http://localhost:4001
 {"metadata":{"emulator":{"name":"ui"},"message":"Web / API server started at http://localhost:4001\n"}}
[info] i  functions: Watching "/Users/monicakes/projects/ecommerce/functions" for Cloud Functions... {"metadata":{"emulator":{"name":"functions"},"message":"Watching \"/Users/monicakes/projects/ecommerce/functions\" for Cloud Functions..."}}
[debug] [2020-12-22T23:12:18.053Z] [worker-pool] addWorker(~diagnostic~) {"metadata":{"emulator":{"name":"functions"},"message":"[worker-pool] addWorker(~diagnostic~)"}}
[debug] [2020-12-22T23:12:18.054Z] [worker-pool] Adding worker with key ~diagnostic~, total=1 {"metadata":{"emulator":{"name":"functions"},"message":"[worker-pool] Adding worker with key ~diagnostic~, total=1"}}
[debug] [2020-12-22T23:12:18.054Z] [worker-pool] submitWork(triggerId=) {"metadata":{"emulator":{"name":"functions"},"message":"[worker-pool] submitWork(triggerId=)"}}
[debug] [2020-12-22T23:12:18.054Z] [worker-~diagnostic~-5ad8086b-6d2f-4e1d-bdca-aeb7ef54a4d9]: Assigning socketPath: /var/folders/p7/8tm68fxx4lxd183_n8qsklx80000gn/T/fire_emu_11763.sock {"metadata":{"emulator":{"name":"functions"},"message":"[worker-~diagnostic~-5ad8086b-6d2f-4e1d-bdca-aeb7ef54a4d9]: Assigning socketPath: /var/folders/p7/8tm68fxx4lxd183_n8qsklx80000gn/T/fire_emu_11763.sock"}}
[debug] [2020-12-22T23:12:18.054Z] [worker-~diagnostic~-5ad8086b-6d2f-4e1d-bdca-aeb7ef54a4d9]: BUSY {"metadata":{"emulator":{"name":"functions"},"message":"[worker-~diagnostic~-5ad8086b-6d2f-4e1d-bdca-aeb7ef54a4d9]: BUSY"}}
[debug] [2020-12-22T23:12:18.246Z] [runtime-status] [11763] Functions runtime initialized. {"cwd":"/Users/monicakes/projects/ecommerce/functions","node_version":"12.16.1"} {"metadata":{"emulator":{"name":"functions"},"message":"[runtime-status] [11763] Functions runtime initialized. {\"cwd\":\"/Users/monicakes/projects/ecommerce/functions\",\"node_version\":\"12.16.1\"}"}}
[debug] [2020-12-22T23:12:18.247Z] [runtime-status] [11763] Disabled runtime features: undefined {"metadata":{"emulator":{"name":"functions"},"message":"[runtime-status] [11763] Disabled runtime features: undefined"}}
[debug] [2020-12-22T23:12:18.249Z] [runtime-status] [11763] Resolved module firebase-admin {"declared":true,"installed":true,"version":"9.4.2","resolution":"/Users/monicakes/projects/ecommerce/functions/node_modules/firebase-admin/lib/index.js"} {"metadata":{"emulator":{"name":"functions"},"message":"[runtime-status] [11763] Resolved module firebase-admin {\"declared\":true,\"installed\":true,\"version\":\"9.4.2\",\"resolution\":\"/Users/monicakes/projects/ecommerce/functions/node_modules/firebase-admin/lib/index.js\"}"}}
[debug] [2020-12-22T23:12:18.256Z] [runtime-status] [11763] Resolved module firebase-functions {"declared":true,"installed":true,"version":"3.13.0","resolution":"/Users/monicakes/projects/ecommerce/functions/node_modules/firebase-functions/lib/index.js"} {"metadata":{"emulator":{"name":"functions"},"message":"[runtime-status] [11763] Resolved module firebase-functions {\"declared\":true,\"installed\":true,\"version\":\"3.13.0\",\"resolution\":\"/Users/monicakes/projects/ecommerce/functions/node_modules/firebase-functions/lib/index.js\"}"}}
[debug] [2020-12-22T23:12:18.256Z] [runtime-status] [11763] Resolved module firebase-functions {"declared":true,"installed":true,"version":"3.13.0","resolution":"/Users/monicakes/projects/ecommerce/functions/node_modules/firebase-functions/lib/index.js"} {"metadata":{"emulator":{"name":"functions"},"message":"[runtime-status] [11763] Resolved module firebase-functions {\"declared\":true,\"installed\":true,\"version\":\"3.13.0\",\"resolution\":\"/Users/monicakes/projects/ecommerce/functions/node_modules/firebase-functions/lib/index.js\"}"}}
[debug] [2020-12-22T23:12:18.258Z] [runtime-status] [11763] Outgoing network have been stubbed. [{"name":"http","status":"mocked"},{"name":"http","status":"mocked"},{"name":"https","status":"mocked"},{"name":"https","status":"mocked"},{"name":"net","status":"mocked"}] {"metadata":{"emulator":{"name":"functions"},"message":"[runtime-status] [11763] Outgoing network have been stubbed. [{\"name\":\"http\",\"status\":\"mocked\"},{\"name\":\"http\",\"status\":\"mocked\"},{\"name\":\"https\",\"status\":\"mocked\"},{\"name\":\"https\",\"status\":\"mocked\"},{\"name\":\"net\",\"status\":\"mocked\"}]"}}
[debug] [2020-12-22T23:12:18.259Z] [runtime-status] [11763] Resolved module firebase-functions {"declared":true,"installed":true,"version":"3.13.0","resolution":"/Users/monicakes/projects/ecommerce/functions/node_modules/firebase-functions/lib/index.js"} {"metadata":{"emulator":{"name":"functions"},"message":"[runtime-status] [11763] Resolved module firebase-functions {\"declared\":true,\"installed\":true,\"version\":\"3.13.0\",\"resolution\":\"/Users/monicakes/projects/ecommerce/functions/node_modules/firebase-functions/lib/index.js\"}"}}
[debug] [2020-12-22T23:12:18.338Z] [runtime-status] [11763] Checked functions.config() {"config":{}} {"metadata":{"emulator":{"name":"functions"},"message":"[runtime-status] [11763] Checked functions.config() {\"config\":{}}"}}
[debug] [2020-12-22T23:12:18.339Z] [runtime-status] [11763] firebase-functions has been stubbed. {"functionsResolution":{"declared":true,"installed":true,"version":"3.13.0","resolution":"/Users/monicakes/projects/ecommerce/functions/node_modules/firebase-functions/lib/index.js"}} {"metadata":{"emulator":{"name":"functions"},"message":"[runtime-status] [11763] firebase-functions has been stubbed. {\"functionsResolution\":{\"declared\":true,\"installed\":true,\"version\":\"3.13.0\",\"resolution\":\"/Users/monicakes/projects/ecommerce/functions/node_modules/firebase-functions/lib/index.js\"}}"}}
[debug] [2020-12-22T23:12:18.340Z] [runtime-status] [11763] Resolved module firebase-functions {"declared":true,"installed":true,"version":"3.13.0","resolution":"/Users/monicakes/projects/ecommerce/functions/node_modules/firebase-functions/lib/index.js"} {"metadata":{"emulator":{"name":"functions"},"message":"[runtime-status] [11763] Resolved module firebase-functions {\"declared\":true,\"installed\":true,\"version\":\"3.13.0\",\"resolution\":\"/Users/monicakes/projects/ecommerce/functions/node_modules/firebase-functions/lib/index.js\"}"}}
[debug] [2020-12-22T23:12:18.341Z] [runtime-status] [11763] Resolved module firebase-admin {"declared":true,"installed":true,"version":"9.4.2","resolution":"/Users/monicakes/projects/ecommerce/functions/node_modules/firebase-admin/lib/index.js"} {"metadata":{"emulator":{"name":"functions"},"message":"[runtime-status] [11763] Resolved module firebase-admin {\"declared\":true,\"installed\":true,\"version\":\"9.4.2\",\"resolution\":\"/Users/monicakes/projects/ecommerce/functions/node_modules/firebase-admin/lib/index.js\"}"}}
[debug] [2020-12-22T23:12:18.341Z] [runtime-status] [11763] Resolved module firebase-functions {"declared":true,"installed":true,"version":"3.13.0","resolution":"/Users/monicakes/projects/ecommerce/functions/node_modules/firebase-functions/lib/index.js"} {"metadata":{"emulator":{"name":"functions"},"message":"[runtime-status] [11763] Resolved module firebase-functions {\"declared\":true,\"installed\":true,\"version\":\"3.13.0\",\"resolution\":\"/Users/monicakes/projects/ecommerce/functions/node_modules/firebase-functions/lib/index.js\"}"}}
[debug] [2020-12-22T23:12:18.341Z] [runtime-status] [11763] firebase-admin has been stubbed. {"adminResolution":{"declared":true,"installed":true,"version":"9.4.2","resolution":"/Users/monicakes/projects/ecommerce/functions/node_modules/firebase-admin/lib/index.js"}} {"metadata":{"emulator":{"name":"functions"},"message":"[runtime-status] [11763] firebase-admin has been stubbed. {\"adminResolution\":{\"declared\":true,\"installed\":true,\"version\":\"9.4.2\",\"resolution\":\"/Users/monicakes/projects/ecommerce/functions/node_modules/firebase-admin/lib/index.js\"}}"}}
[info] ✔  functions[api]: http function initialized (http://localhost:5001/clone-e6fc9/us-central1/api). {"metadata":{"emulator":{"name":"functions"},"message":"\u001b[1mhttp\u001b[22m function initialized (http://localhost:5001/clone-e6fc9/us-central1/api)."}}
[info] 
┌────────────────────────────────────────────────────────────────┐
│ ✔  All emulators ready! View status and logs at localhost:4001 │
└────────────────────────────────────────────────────────────────┘

┌───────────┬────────────────┬──────────────────────────┐
│ Emulator  │ Host:Port      │ View in Emulator UI      │
├───────────┼────────────────┼──────────────────────────┤
│ Functions │ localhost:5001 │ localhost:4001/functions │
├───────────┼────────────────┼──────────────────────────┤
│ Hosting   │ localhost:5000 │ n/a                      │
└───────────┴────────────────┴──────────────────────────┘
  Other reserved ports: 4400, 4500

Issues? Report them at https://github.com/firebase/firebase-tools/issues and attach the *-debug.log files.
 
[debug] [2020-12-22T23:12:18.630Z] [worker-~diagnostic~-5ad8086b-6d2f-4e1d-bdca-aeb7ef54a4d9]: IDLE {"metadata":{"emulator":{"name":"functions"},"message":"[worker-~diagnostic~-5ad8086b-6d2f-4e1d-bdca-aeb7ef54a4d9]: IDLE"}}
[debug] [2020-12-22T23:15:57.965Z] [work-queue] {"queueLength":1,"workRunningCount":0}
[debug] [2020-12-22T23:15:57.965Z] [work-queue] {"queueLength":0,"workRunningCount":1}
[debug] [2020-12-22T23:15:57.966Z] Accepted request GET /clone-e6fc9/us-central1/api --> api
[debug] [2020-12-22T23:15:57.983Z] [worker-pool] addWorker(api) {"metadata":{"emulator":{"name":"functions"},"message":"[worker-pool] addWorker(api)"}}
[debug] [2020-12-22T23:15:57.986Z] [worker-pool] Adding worker with key api, total=1 {"metadata":{"emulator":{"name":"functions"},"message":"[worker-pool] Adding worker with key api, total=1"}}
[debug] [2020-12-22T23:15:57.986Z] [worker-pool] submitWork(triggerId=api) {"metadata":{"emulator":{"name":"functions"},"message":"[worker-pool] submitWork(triggerId=api)"}}
[debug] [2020-12-22T23:15:57.987Z] [worker-api-07f4d25b-1482-4f82-854d-efd600215f72]: Assigning socketPath: /var/folders/p7/8tm68fxx4lxd183_n8qsklx80000gn/T/fire_emu_11800.sock {"metadata":{"emulator":{"name":"functions"},"message":"[worker-api-07f4d25b-1482-4f82-854d-efd600215f72]: Assigning socketPath: /var/folders/p7/8tm68fxx4lxd183_n8qsklx80000gn/T/fire_emu_11800.sock"}}
[debug] [2020-12-22T23:15:57.987Z] [worker-api-07f4d25b-1482-4f82-854d-efd600215f72]: BUSY {"metadata":{"emulator":{"name":"functions"},"message":"[worker-api-07f4d25b-1482-4f82-854d-efd600215f72]: BUSY"}}
[debug] [2020-12-22T23:15:58.376Z] [runtime-status] [11800] Functions runtime initialized. {"cwd":"/Users/monicakes/projects/ecommerce/functions","node_version":"12.16.1"} {"metadata":{"emulator":{"name":"functions"},"function":{"name":"api"},"message":"[runtime-status] [11800] Functions runtime initialized. {\"cwd\":\"/Users/monicakes/projects/ecommerce/functions\",\"node_version\":\"12.16.1\"}"}}
[debug] [2020-12-22T23:15:58.379Z] [runtime-status] [11800] Disabled runtime features: undefined {"metadata":{"emulator":{"name":"functions"},"function":{"name":"api"},"message":"[runtime-status] [11800] Disabled runtime features: undefined"}}
[debug] [2020-12-22T23:15:58.383Z] [runtime-status] [11800] Resolved module firebase-admin {"declared":true,"installed":true,"version":"9.4.2","resolution":"/Users/monicakes/projects/ecommerce/functions/node_modules/firebase-admin/lib/index.js"} {"metadata":{"emulator":{"name":"functions"},"function":{"name":"api"},"message":"[runtime-status] [11800] Resolved module firebase-admin {\"declared\":true,\"installed\":true,\"version\":\"9.4.2\",\"resolution\":\"/Users/monicakes/projects/ecommerce/functions/node_modules/firebase-admin/lib/index.js\"}"}}
[debug] [2020-12-22T23:15:58.391Z] [runtime-status] [11800] Resolved module firebase-functions {"declared":true,"installed":true,"version":"3.13.0","resolution":"/Users/monicakes/projects/ecommerce/functions/node_modules/firebase-functions/lib/index.js"} {"metadata":{"emulator":{"name":"functions"},"function":{"name":"api"},"message":"[runtime-status] [11800] Resolved module firebase-functions {\"declared\":true,\"installed\":true,\"version\":\"3.13.0\",\"resolution\":\"/Users/monicakes/projects/ecommerce/functions/node_modules/firebase-functions/lib/index.js\"}"}}
[debug] [2020-12-22T23:15:58.393Z] [runtime-status] [11800] Resolved module firebase-functions {"declared":true,"installed":true,"version":"3.13.0","resolution":"/Users/monicakes/projects/ecommerce/functions/node_modules/firebase-functions/lib/index.js"} {"metadata":{"emulator":{"name":"functions"},"function":{"name":"api"},"message":"[runtime-status] [11800] Resolved module firebase-functions {\"declared\":true,\"installed\":true,\"version\":\"3.13.0\",\"resolution\":\"/Users/monicakes/projects/ecommerce/functions/node_modules/firebase-functions/lib/index.js\"}"}}
[debug] [2020-12-22T23:15:58.396Z] [runtime-status] [11800] Outgoing network have been stubbed. [{"name":"http","status":"mocked"},{"name":"http","status":"mocked"},{"name":"https","status":"mocked"},{"name":"https","status":"mocked"},{"name":"net","status":"mocked"}] {"metadata":{"emulator":{"name":"functions"},"function":{"name":"api"},"message":"[runtime-status] [11800] Outgoing network have been stubbed. [{\"name\":\"http\",\"status\":\"mocked\"},{\"name\":\"http\",\"status\":\"mocked\"},{\"name\":\"https\",\"status\":\"mocked\"},{\"name\":\"https\",\"status\":\"mocked\"},{\"name\":\"net\",\"status\":\"mocked\"}]"}}
[debug] [2020-12-22T23:15:58.397Z] [runtime-status] [11800] Resolved module firebase-functions {"declared":true,"installed":true,"version":"3.13.0","resolution":"/Users/monicakes/projects/ecommerce/functions/node_modules/firebase-functions/lib/index.js"} {"metadata":{"emulator":{"name":"functions"},"function":{"name":"api"},"message":"[runtime-status] [11800] Resolved module firebase-functions {\"declared\":true,\"installed\":true,\"version\":\"3.13.0\",\"resolution\":\"/Users/monicakes/projects/ecommerce/functions/node_modules/firebase-functions/lib/index.js\"}"}}
[debug] [2020-12-22T23:15:58.477Z] [runtime-status] [11800] Checked functions.config() {"config":{}} {"metadata":{"emulator":{"name":"functions"},"function":{"name":"api"},"message":"[runtime-status] [11800] Checked functions.config() {\"config\":{}}"}}
[debug] [2020-12-22T23:15:58.477Z] [runtime-status] [11800] firebase-functions has been stubbed. {"functionsResolution":{"declared":true,"installed":true,"version":"3.13.0","resolution":"/Users/monicakes/projects/ecommerce/functions/node_modules/firebase-functions/lib/index.js"}} {"metadata":{"emulator":{"name":"functions"},"function":{"name":"api"},"message":"[runtime-status] [11800] firebase-functions has been stubbed. {\"functionsResolution\":{\"declared\":true,\"installed\":true,\"version\":\"3.13.0\",\"resolution\":\"/Users/monicakes/projects/ecommerce/functions/node_modules/firebase-functions/lib/index.js\"}}"}}
[debug] [2020-12-22T23:15:58.478Z] [runtime-status] [11800] Resolved module firebase-functions {"declared":true,"installed":true,"version":"3.13.0","resolution":"/Users/monicakes/projects/ecommerce/functions/node_modules/firebase-functions/lib/index.js"} {"metadata":{"emulator":{"name":"functions"},"function":{"name":"api"},"message":"[runtime-status] [11800] Resolved module firebase-functions {\"declared\":true,\"installed\":true,\"version\":\"3.13.0\",\"resolution\":\"/Users/monicakes/projects/ecommerce/functions/node_modules/firebase-functions/lib/index.js\"}"}}
[debug] [2020-12-22T23:15:58.479Z] [runtime-status] [11800] Resolved module firebase-admin {"declared":true,"installed":true,"version":"9.4.2","resolution":"/Users/monicakes/projects/ecommerce/functions/node_modules/firebase-admin/lib/index.js"} {"metadata":{"emulator":{"name":"functions"},"function":{"name":"api"},"message":"[runtime-status] [11800] Resolved module firebase-admin {\"declared\":true,\"installed\":true,\"version\":\"9.4.2\",\"resolution\":\"/Users/monicakes/projects/ecommerce/functions/node_modules/firebase-admin/lib/index.js\"}"}}
[debug] [2020-12-22T23:15:58.479Z] [runtime-status] [11800] Resolved module firebase-functions {"declared":true,"installed":true,"version":"3.13.0","resolution":"/Users/monicakes/projects/ecommerce/functions/node_modules/firebase-functions/lib/index.js"} {"metadata":{"emulator":{"name":"functions"},"function":{"name":"api"},"message":"[runtime-status] [11800] Resolved module firebase-functions {\"declared\":true,\"installed\":true,\"version\":\"3.13.0\",\"resolution\":\"/Users/monicakes/projects/ecommerce/functions/node_modules/firebase-functions/lib/index.js\"}"}}
[debug] [2020-12-22T23:15:58.480Z] [runtime-status] [11800] firebase-admin has been stubbed. {"adminResolution":{"declared":true,"installed":true,"version":"9.4.2","resolution":"/Users/monicakes/projects/ecommerce/functions/node_modules/firebase-admin/lib/index.js"}} {"metadata":{"emulator":{"name":"functions"},"function":{"name":"api"},"message":"[runtime-status] [11800] firebase-admin has been stubbed. {\"adminResolution\":{\"declared\":true,\"installed\":true,\"version\":\"9.4.2\",\"resolution\":\"/Users/monicakes/projects/ecommerce/functions/node_modules/firebase-admin/lib/index.js\"}}"}}
[debug] [2020-12-22T23:15:58.688Z] [runtime-status] [11800] Trigger "api" has been found, beginning invocation! {"metadata":{"emulator":{"name":"functions"},"function":{"name":"api"},"message":"[runtime-status] [11800] Trigger \"api\" has been found, beginning invocation!"}}
[info] i  functions: Beginning execution of "api" {"metadata":{"emulator":{"name":"functions"},"function":{"name":"api"},"message":"Beginning execution of \"api\""}}
[debug] [2020-12-22T23:15:58.694Z] [runtime-status] [11800] triggerDefinition {"httpsTrigger":{},"name":"api","entryPoint":"api"} {"metadata":{"emulator":{"name":"functions"},"function":{"name":"api"},"message":"[runtime-status] [11800] triggerDefinition {\"httpsTrigger\":{},\"name\":\"api\",\"entryPoint\":\"api\"}"}}
[debug] [2020-12-22T23:15:58.694Z] [runtime-status] [11800] Running api in mode HTTPS {"metadata":{"emulator":{"name":"functions"},"function":{"name":"api"},"message":"[runtime-status] [11800] Running api in mode HTTPS"}}
[debug] [2020-12-22T23:15:58.702Z] [runtime-status] [11800] Attempting to listen to socketPath: /var/folders/p7/8tm68fxx4lxd183_n8qsklx80000gn/T/fire_emu_11800.sock {"metadata":{"emulator":{"name":"functions"},"function":{"name":"api"},"message":"[runtime-status] [11800] Attempting to listen to socketPath: /var/folders/p7/8tm68fxx4lxd183_n8qsklx80000gn/T/fire_emu_11800.sock"}}
[debug] [2020-12-22T23:15:58.707Z] [functions] Runtime ready! Sending request! {"metadata":{"emulator":{"name":"functions"},"message":"[functions] Runtime ready! Sending request!"}}
[debug] [2020-12-22T23:15:58.725Z] [runtime-status] [11800] Ephemeral server handling GET request {"metadata":{"emulator":{"name":"functions"},"function":{"name":"api"},"message":"[runtime-status] [11800] Ephemeral server handling GET request"}}
[debug] [2020-12-22T23:15:58.760Z] [runtime-status] [11800] Ephemeral server survived. {"metadata":{"emulator":{"name":"functions"},"function":{"name":"api"},"message":"[runtime-status] [11800] Ephemeral server survived."}}
[info] i  functions: Finished "api" in ~1s {"metadata":{"emulator":{"name":"functions"},"function":{"name":"api"},"message":"Finished \"api\" in ~1s"}}
[debug] [2020-12-22T23:15:58.793Z] [worker-api-07f4d25b-1482-4f82-854d-efd600215f72]: IDLE {"metadata":{"emulator":{"name":"functions"},"message":"[worker-api-07f4d25b-1482-4f82-854d-efd600215f72]: IDLE"}}
[debug] [2020-12-22T23:15:58.793Z] [work-queue] {"queueLength":0,"workRunningCount":0}
[debug] [2020-12-22T23:15:58.876Z] Functions emulator received unknown request at path /favicon.ico
[debug] [2020-12-22T23:16:08.638Z] File /Users/monicakes/projects/ecommerce/functions/index.js changed, reloading triggers {"metadata":{"emulator":{"name":"functions"},"message":"File /Users/monicakes/projects/ecommerce/functions/index.js changed, reloading triggers"}}
[debug] [2020-12-22T23:16:09.648Z] [worker-pool] Shutting down IDLE worker (~diagnostic~) {"metadata":{"emulator":{"name":"functions"},"message":"[worker-pool] Shutting down IDLE worker (~diagnostic~)"}}
[debug] [2020-12-22T23:16:09.648Z] [worker-~diagnostic~-5ad8086b-6d2f-4e1d-bdca-aeb7ef54a4d9]: FINISHING {"metadata":{"emulator":{"name":"functions"},"message":"[worker-~diagnostic~-5ad8086b-6d2f-4e1d-bdca-aeb7ef54a4d9]: FINISHING"}}
[debug] [2020-12-22T23:16:09.648Z] [worker-pool] Shutting down IDLE worker (api) {"metadata":{"emulator":{"name":"functions"},"message":"[worker-pool] Shutting down IDLE worker (api)"}}
[debug] [2020-12-22T23:16:09.651Z] [worker-api-07f4d25b-1482-4f82-854d-efd600215f72]: FINISHING {"metadata":{"emulator":{"name":"functions"},"message":"[worker-api-07f4d25b-1482-4f82-854d-efd600215f72]: FINISHING"}}
[debug] [2020-12-22T23:16:09.674Z] [worker-pool] addWorker(~diagnostic~) {"metadata":{"emulator":{"name":"functions"},"message":"[worker-pool] addWorker(~diagnostic~)"}}
[debug] [2020-12-22T23:16:09.674Z] [worker-pool] Adding worker with key ~diagnostic~, total=2 {"metadata":{"emulator":{"name":"functions"},"message":"[worker-pool] Adding worker with key ~diagnostic~, total=2"}}
[debug] [2020-12-22T23:16:09.675Z] [worker-pool] submitWork(triggerId=) {"metadata":{"emulator":{"name":"functions"},"message":"[worker-pool] submitWork(triggerId=)"}}
[debug] [2020-12-22T23:16:09.675Z] [worker-~diagnostic~-ea37274a-bc1b-423a-9211-a1d30195777b]: Assigning socketPath: /var/folders/p7/8tm68fxx4lxd183_n8qsklx80000gn/T/fire_emu_11804.sock {"metadata":{"emulator":{"name":"functions"},"message":"[worker-~diagnostic~-ea37274a-bc1b-423a-9211-a1d30195777b]: Assigning socketPath: /var/folders/p7/8tm68fxx4lxd183_n8qsklx80000gn/T/fire_emu_11804.sock"}}
[debug] [2020-12-22T23:16:09.675Z] [worker-~diagnostic~-ea37274a-bc1b-423a-9211-a1d30195777b]: BUSY {"metadata":{"emulator":{"name":"functions"},"message":"[worker-~diagnostic~-ea37274a-bc1b-423a-9211-a1d30195777b]: BUSY"}}
[debug] [2020-12-22T23:16:09.678Z] [worker-~diagnostic~-5ad8086b-6d2f-4e1d-bdca-aeb7ef54a4d9]: exited {"metadata":{"emulator":{"name":"functions"},"message":"[worker-~diagnostic~-5ad8086b-6d2f-4e1d-bdca-aeb7ef54a4d9]: exited"}}
[debug] [2020-12-22T23:16:09.678Z] [worker-~diagnostic~-5ad8086b-6d2f-4e1d-bdca-aeb7ef54a4d9]: FINISHED {"metadata":{"emulator":{"name":"functions"},"message":"[worker-~diagnostic~-5ad8086b-6d2f-4e1d-bdca-aeb7ef54a4d9]: FINISHED"}}
[debug] [2020-12-22T23:16:09.678Z] [worker-api-07f4d25b-1482-4f82-854d-efd600215f72]: exited {"metadata":{"emulator":{"name":"functions"},"message":"[worker-api-07f4d25b-1482-4f82-854d-efd600215f72]: exited"}}
[debug] [2020-12-22T23:16:09.679Z] [worker-api-07f4d25b-1482-4f82-854d-efd600215f72]: FINISHED {"metadata":{"emulator":{"name":"functions"},"message":"[worker-api-07f4d25b-1482-4f82-854d-efd600215f72]: FINISHED"}}
[debug] [2020-12-22T23:16:10.245Z] [runtime-status] [11804] Functions runtime initialized. {"cwd":"/Users/monicakes/projects/ecommerce/functions","node_version":"12.16.1"} {"metadata":{"emulator":{"name":"functions"},"message":"[runtime-status] [11804] Functions runtime initialized. {\"cwd\":\"/Users/monicakes/projects/ecommerce/functions\",\"node_version\":\"12.16.1\"}"}}
[debug] [2020-12-22T23:16:10.248Z] [runtime-status] [11804] Disabled runtime features: undefined {"metadata":{"emulator":{"name":"functions"},"message":"[runtime-status] [11804] Disabled runtime features: undefined"}}
[debug] [2020-12-22T23:16:10.251Z] [runtime-status] [11804] Resolved module firebase-admin {"declared":true,"installed":true,"version":"9.4.2","resolution":"/Users/monicakes/projects/ecommerce/functions/node_modules/firebase-admin/lib/index.js"} {"metadata":{"emulator":{"name":"functions"},"message":"[runtime-status] [11804] Resolved module firebase-admin {\"declared\":true,\"installed\":true,\"version\":\"9.4.2\",\"resolution\":\"/Users/monicakes/projects/ecommerce/functions/node_modules/firebase-admin/lib/index.js\"}"}}
[debug] [2020-12-22T23:16:10.263Z] [runtime-status] [11804] Resolved module firebase-functions {"declared":true,"installed":true,"version":"3.13.0","resolution":"/Users/monicakes/projects/ecommerce/functions/node_modules/firebase-functions/lib/index.js"} {"metadata":{"emulator":{"name":"functions"},"message":"[runtime-status] [11804] Resolved module firebase-functions {\"declared\":true,\"installed\":true,\"version\":\"3.13.0\",\"resolution\":\"/Users/monicakes/projects/ecommerce/functions/node_modules/firebase-functions/lib/index.js\"}"}}
[debug] [2020-12-22T23:16:10.264Z] [runtime-status] [11804] Resolved module firebase-functions {"declared":true,"installed":true,"version":"3.13.0","resolution":"/Users/monicakes/projects/ecommerce/functions/node_modules/firebase-functions/lib/index.js"} {"metadata":{"emulator":{"name":"functions"},"message":"[runtime-status] [11804] Resolved module firebase-functions {\"declared\":true,\"installed\":true,\"version\":\"3.13.0\",\"resolution\":\"/Users/monicakes/projects/ecommerce/functions/node_modules/firebase-functions/lib/index.js\"}"}}
[debug] [2020-12-22T23:16:10.267Z] [runtime-status] [11804] Outgoing network have been stubbed. [{"name":"http","status":"mocked"},{"name":"http","status":"mocked"},{"name":"https","status":"mocked"},{"name":"https","status":"mocked"},{"name":"net","status":"mocked"}] {"metadata":{"emulator":{"name":"functions"},"message":"[runtime-status] [11804] Outgoing network have been stubbed. [{\"name\":\"http\",\"status\":\"mocked\"},{\"name\":\"http\",\"status\":\"mocked\"},{\"name\":\"https\",\"status\":\"mocked\"},{\"name\":\"https\",\"status\":\"mocked\"},{\"name\":\"net\",\"status\":\"mocked\"}]"}}
[debug] [2020-12-22T23:16:10.268Z] [runtime-status] [11804] Resolved module firebase-functions {"declared":true,"installed":true,"version":"3.13.0","resolution":"/Users/monicakes/projects/ecommerce/functions/node_modules/firebase-functions/lib/index.js"} {"metadata":{"emulator":{"name":"functions"},"message":"[runtime-status] [11804] Resolved module firebase-functions {\"declared\":true,\"installed\":true,\"version\":\"3.13.0\",\"resolution\":\"/Users/monicakes/projects/ecommerce/functions/node_modules/firebase-functions/lib/index.js\"}"}}
[debug] [2020-12-22T23:16:10.380Z] [runtime-status] [11804] Checked functions.config() {"config":{}} {"metadata":{"emulator":{"name":"functions"},"message":"[runtime-status] [11804] Checked functions.config() {\"config\":{}}"}}
[debug] [2020-12-22T23:16:10.380Z] [runtime-status] [11804] firebase-functions has been stubbed. {"functionsResolution":{"declared":true,"installed":true,"version":"3.13.0","resolution":"/Users/monicakes/projects/ecommerce/functions/node_modules/firebase-functions/lib/index.js"}} {"metadata":{"emulator":{"name":"functions"},"message":"[runtime-status] [11804] firebase-functions has been stubbed. {\"functionsResolution\":{\"declared\":true,\"installed\":true,\"version\":\"3.13.0\",\"resolution\":\"/Users/monicakes/projects/ecommerce/functions/node_modules/firebase-functions/lib/index.js\"}}"}}
[debug] [2020-12-22T23:16:10.382Z] [runtime-status] [11804] Resolved module firebase-functions {"declared":true,"installed":true,"version":"3.13.0","resolution":"/Users/monicakes/projects/ecommerce/functions/node_modules/firebase-functions/lib/index.js"} {"metadata":{"emulator":{"name":"functions"},"message":"[runtime-status] [11804] Resolved module firebase-functions {\"declared\":true,\"installed\":true,\"version\":\"3.13.0\",\"resolution\":\"/Users/monicakes/projects/ecommerce/functions/node_modules/firebase-functions/lib/index.js\"}"}}
[debug] [2020-12-22T23:16:10.383Z] [runtime-status] [11804] Resolved module firebase-admin {"declared":true,"installed":true,"version":"9.4.2","resolution":"/Users/monicakes/projects/ecommerce/functions/node_modules/firebase-admin/lib/index.js"} {"metadata":{"emulator":{"name":"functions"},"message":"[runtime-status] [11804] Resolved module firebase-admin {\"declared\":true,\"installed\":true,\"version\":\"9.4.2\",\"resolution\":\"/Users/monicakes/projects/ecommerce/functions/node_modules/firebase-admin/lib/index.js\"}"}}
[debug] [2020-12-22T23:16:10.383Z] [runtime-status] [11804] Resolved module firebase-functions {"declared":true,"installed":true,"version":"3.13.0","resolution":"/Users/monicakes/projects/ecommerce/functions/node_modules/firebase-functions/lib/index.js"} {"metadata":{"emulator":{"name":"functions"},"message":"[runtime-status] [11804] Resolved module firebase-functions {\"declared\":true,\"installed\":true,\"version\":\"3.13.0\",\"resolution\":\"/Users/monicakes/projects/ecommerce/functions/node_modules/firebase-functions/lib/index.js\"}"}}
[debug] [2020-12-22T23:16:10.384Z] [runtime-status] [11804] firebase-admin has been stubbed. {"adminResolution":{"declared":true,"installed":true,"version":"9.4.2","resolution":"/Users/monicakes/projects/ecommerce/functions/node_modules/firebase-admin/lib/index.js"}} {"metadata":{"emulator":{"name":"functions"},"message":"[runtime-status] [11804] firebase-admin has been stubbed. {\"adminResolution\":{\"declared\":true,\"installed\":true,\"version\":\"9.4.2\",\"resolution\":\"/Users/monicakes/projects/ecommerce/functions/node_modules/firebase-admin/lib/index.js\"}}"}}
[debug] [2020-12-22T23:16:10.646Z] [worker-~diagnostic~-ea37274a-bc1b-423a-9211-a1d30195777b]: IDLE {"metadata":{"emulator":{"name":"functions"},"message":"[worker-~diagnostic~-ea37274a-bc1b-423a-9211-a1d30195777b]: IDLE"}}
[debug] [2020-12-22T23:28:16.167Z] File /Users/monicakes/projects/ecommerce/functions/index.js changed, reloading triggers {"metadata":{"emulator":{"name":"functions"},"message":"File /Users/monicakes/projects/ecommerce/functions/index.js changed, reloading triggers"}}
[debug] [2020-12-22T23:28:17.172Z] [worker-pool] Shutting down IDLE worker (~diagnostic~) {"metadata":{"emulator":{"name":"functions"},"message":"[worker-pool] Shutting down IDLE worker (~diagnostic~)"}}
[debug] [2020-12-22T23:28:17.173Z] [worker-~diagnostic~-ea37274a-bc1b-423a-9211-a1d30195777b]: FINISHING {"metadata":{"emulator":{"name":"functions"},"message":"[worker-~diagnostic~-ea37274a-bc1b-423a-9211-a1d30195777b]: FINISHING"}}
[debug] [2020-12-22T23:28:17.173Z] [worker-pool] Cleaned up workers for ~diagnostic~: 2 --> 1 {"metadata":{"emulator":{"name":"functions"},"message":"[worker-pool] Cleaned up workers for ~diagnostic~: 2 --> 1"}}
[debug] [2020-12-22T23:28:17.173Z] [worker-pool] Cleaned up workers for api: 1 --> 0 {"metadata":{"emulator":{"name":"functions"},"message":"[worker-pool] Cleaned up workers for api: 1 --> 0"}}
[debug] [2020-12-22T23:28:17.187Z] [worker-pool] addWorker(~diagnostic~) {"metadata":{"emulator":{"name":"functions"},"message":"[worker-pool] addWorker(~diagnostic~)"}}
[debug] [2020-12-22T23:28:17.188Z] [worker-pool] Adding worker with key ~diagnostic~, total=2 {"metadata":{"emulator":{"name":"functions"},"message":"[worker-pool] Adding worker with key ~diagnostic~, total=2"}}
[debug] [2020-12-22T23:28:17.188Z] [worker-pool] submitWork(triggerId=) {"metadata":{"emulator":{"name":"functions"},"message":"[worker-pool] submitWork(triggerId=)"}}
[debug] [2020-12-22T23:28:17.188Z] [worker-~diagnostic~-d89c4805-d18c-446f-9d4c-b158f8194103]: Assigning socketPath: /var/folders/p7/8tm68fxx4lxd183_n8qsklx80000gn/T/fire_emu_11853.sock {"metadata":{"emulator":{"name":"functions"},"message":"[worker-~diagnostic~-d89c4805-d18c-446f-9d4c-b158f8194103]: Assigning socketPath: /var/folders/p7/8tm68fxx4lxd183_n8qsklx80000gn/T/fire_emu_11853.sock"}}
[debug] [2020-12-22T23:28:17.188Z] [worker-~diagnostic~-d89c4805-d18c-446f-9d4c-b158f8194103]: BUSY {"metadata":{"emulator":{"name":"functions"},"message":"[worker-~diagnostic~-d89c4805-d18c-446f-9d4c-b158f8194103]: BUSY"}}
[debug] [2020-12-22T23:28:17.190Z] [worker-~diagnostic~-ea37274a-bc1b-423a-9211-a1d30195777b]: exited {"metadata":{"emulator":{"name":"functions"},"message":"[worker-~diagnostic~-ea37274a-bc1b-423a-9211-a1d30195777b]: exited"}}
[debug] [2020-12-22T23:28:17.190Z] [worker-~diagnostic~-ea37274a-bc1b-423a-9211-a1d30195777b]: FINISHED {"metadata":{"emulator":{"name":"functions"},"message":"[worker-~diagnostic~-ea37274a-bc1b-423a-9211-a1d30195777b]: FINISHED"}}
[debug] [2020-12-22T23:28:17.612Z] [runtime-status] [11853] Functions runtime initialized. {"cwd":"/Users/monicakes/projects/ecommerce/functions","node_version":"12.16.1"} {"metadata":{"emulator":{"name":"functions"},"message":"[runtime-status] [11853] Functions runtime initialized. {\"cwd\":\"/Users/monicakes/projects/ecommerce/functions\",\"node_version\":\"12.16.1\"}"}}
[debug] [2020-12-22T23:28:17.615Z] [runtime-status] [11853] Disabled runtime features: undefined {"metadata":{"emulator":{"name":"functions"},"message":"[runtime-status] [11853] Disabled runtime features: undefined"}}
[debug] [2020-12-22T23:28:17.620Z] [runtime-status] [11853] Resolved module firebase-admin {"declared":true,"installed":true,"version":"9.4.2","resolution":"/Users/monicakes/projects/ecommerce/functions/node_modules/firebase-admin/lib/index.js"} {"metadata":{"emulator":{"name":"functions"},"message":"[runtime-status] [11853] Resolved module firebase-admin {\"declared\":true,\"installed\":true,\"version\":\"9.4.2\",\"resolution\":\"/Users/monicakes/projects/ecommerce/functions/node_modules/firebase-admin/lib/index.js\"}"}}
[debug] [2020-12-22T23:28:17.625Z] [runtime-status] [11853] Resolved module firebase-functions {"declared":true,"installed":true,"version":"3.13.0","resolution":"/Users/monicakes/projects/ecommerce/functions/node_modules/firebase-functions/lib/index.js"} {"metadata":{"emulator":{"name":"functions"},"message":"[runtime-status] [11853] Resolved module firebase-functions {\"declared\":true,\"installed\":true,\"version\":\"3.13.0\",\"resolution\":\"/Users/monicakes/projects/ecommerce/functions/node_modules/firebase-functions/lib/index.js\"}"}}
[debug] [2020-12-22T23:28:17.626Z] [runtime-status] [11853] Resolved module firebase-functions {"declared":true,"installed":true,"version":"3.13.0","resolution":"/Users/monicakes/projects/ecommerce/functions/node_modules/firebase-functions/lib/index.js"} {"metadata":{"emulator":{"name":"functions"},"message":"[runtime-status] [11853] Resolved module firebase-functions {\"declared\":true,\"installed\":true,\"version\":\"3.13.0\",\"resolution\":\"/Users/monicakes/projects/ecommerce/functions/node_modules/firebase-functions/lib/index.js\"}"}}
[debug] [2020-12-22T23:28:17.629Z] [runtime-status] [11853] Outgoing network have been stubbed. [{"name":"http","status":"mocked"},{"name":"http","status":"mocked"},{"name":"https","status":"mocked"},{"name":"https","status":"mocked"},{"name":"net","status":"mocked"}] {"metadata":{"emulator":{"name":"functions"},"message":"[runtime-status] [11853] Outgoing network have been stubbed. [{\"name\":\"http\",\"status\":\"mocked\"},{\"name\":\"http\",\"status\":\"mocked\"},{\"name\":\"https\",\"status\":\"mocked\"},{\"name\":\"https\",\"status\":\"mocked\"},{\"name\":\"net\",\"status\":\"mocked\"}]"}}
[debug] [2020-12-22T23:28:17.630Z] [runtime-status] [11853] Resolved module firebase-functions {"declared":true,"installed":true,"version":"3.13.0","resolution":"/Users/monicakes/projects/ecommerce/functions/node_modules/firebase-functions/lib/index.js"} {"metadata":{"emulator":{"name":"functions"},"message":"[runtime-status] [11853] Resolved module firebase-functions {\"declared\":true,\"installed\":true,\"version\":\"3.13.0\",\"resolution\":\"/Users/monicakes/projects/ecommerce/functions/node_modules/firebase-functions/lib/index.js\"}"}}
[debug] [2020-12-22T23:28:17.721Z] [runtime-status] [11853] Checked functions.config() {"config":{}} {"metadata":{"emulator":{"name":"functions"},"message":"[runtime-status] [11853] Checked functions.config() {\"config\":{}}"}}
[debug] [2020-12-22T23:28:17.722Z] [runtime-status] [11853] firebase-functions has been stubbed. {"functionsResolution":{"declared":true,"installed":true,"version":"3.13.0","resolution":"/Users/monicakes/projects/ecommerce/functions/node_modules/firebase-functions/lib/index.js"}} {"metadata":{"emulator":{"name":"functions"},"message":"[runtime-status] [11853] firebase-functions has been stubbed. {\"functionsResolution\":{\"declared\":true,\"installed\":true,\"version\":\"3.13.0\",\"resolution\":\"/Users/monicakes/projects/ecommerce/functions/node_modules/firebase-functions/lib/index.js\"}}"}}
[debug] [2020-12-22T23:28:17.722Z] [runtime-status] [11853] Resolved module firebase-functions {"declared":true,"installed":true,"version":"3.13.0","resolution":"/Users/monicakes/projects/ecommerce/functions/node_modules/firebase-functions/lib/index.js"} {"metadata":{"emulator":{"name":"functions"},"message":"[runtime-status] [11853] Resolved module firebase-functions {\"declared\":true,\"installed\":true,\"version\":\"3.13.0\",\"resolution\":\"/Users/monicakes/projects/ecommerce/functions/node_modules/firebase-functions/lib/index.js\"}"}}
[debug] [2020-12-22T23:28:17.723Z] [runtime-status] [11853] Resolved module firebase-admin {"declared":true,"installed":true,"version":"9.4.2","resolution":"/Users/monicakes/projects/ecommerce/functions/node_modules/firebase-admin/lib/index.js"} {"metadata":{"emulator":{"name":"functions"},"message":"[runtime-status] [11853] Resolved module firebase-admin {\"declared\":true,\"installed\":true,\"version\":\"9.4.2\",\"resolution\":\"/Users/monicakes/projects/ecommerce/functions/node_modules/firebase-admin/lib/index.js\"}"}}
[debug] [2020-12-22T23:28:17.727Z] [runtime-status] [11853] Resolved module firebase-functions {"declared":true,"installed":true,"version":"3.13.0","resolution":"/Users/monicakes/projects/ecommerce/functions/node_modules/firebase-functions/lib/index.js"} {"metadata":{"emulator":{"name":"functions"},"message":"[runtime-status] [11853] Resolved module firebase-functions {\"declared\":true,\"installed\":true,\"version\":\"3.13.0\",\"resolution\":\"/Users/monicakes/projects/ecommerce/functions/node_modules/firebase-functions/lib/index.js\"}"}}
[debug] [2020-12-22T23:28:17.729Z] [runtime-status] [11853] firebase-admin has been stubbed. {"adminResolution":{"declared":true,"installed":true,"version":"9.4.2","resolution":"/Users/monicakes/projects/ecommerce/functions/node_modules/firebase-admin/lib/index.js"}} {"metadata":{"emulator":{"name":"functions"},"message":"[runtime-status] [11853] firebase-admin has been stubbed. {\"adminResolution\":{\"declared\":true,\"installed\":true,\"version\":\"9.4.2\",\"resolution\":\"/Users/monicakes/projects/ecommerce/functions/node_modules/firebase-admin/lib/index.js\"}}"}}
[debug] [2020-12-22T23:28:18.133Z] [worker-~diagnostic~-d89c4805-d18c-446f-9d4c-b158f8194103]: IDLE {"metadata":{"emulator":{"name":"functions"},"message":"[worker-~diagnostic~-d89c4805-d18c-446f-9d4c-b158f8194103]: IDLE"}}
[debug] [2020-12-22T23:31:34.800Z] [work-queue] {"queueLength":1,"workRunningCount":0}
[debug] [2020-12-22T23:31:34.801Z] [work-queue] {"queueLength":0,"workRunningCount":1}
[debug] [2020-12-22T23:31:34.801Z] Accepted request POST /clone-e6fc9/us-central1/api/payments/create?total=2999 --> api
[debug] [2020-12-22T23:31:34.801Z] [worker-pool] Cleaned up workers for ~diagnostic~: 2 --> 1 {"metadata":{"emulator":{"name":"functions"},"message":"[worker-pool] Cleaned up workers for ~diagnostic~: 2 --> 1"}}
[debug] [2020-12-22T23:31:34.819Z] [worker-pool] addWorker(api) {"metadata":{"emulator":{"name":"functions"},"message":"[worker-pool] addWorker(api)"}}
[debug] [2020-12-22T23:31:34.819Z] [worker-pool] Adding worker with key api, total=1 {"metadata":{"emulator":{"name":"functions"},"message":"[worker-pool] Adding worker with key api, total=1"}}
[debug] [2020-12-22T23:31:34.819Z] [worker-pool] submitWork(triggerId=api) {"metadata":{"emulator":{"name":"functions"},"message":"[worker-pool] submitWork(triggerId=api)"}}
[debug] [2020-12-22T23:31:34.820Z] [worker-api-ee954de6-59fc-418a-92b8-5cd0382ed190]: Assigning socketPath: /var/folders/p7/8tm68fxx4lxd183_n8qsklx80000gn/T/fire_emu_11882.sock {"metadata":{"emulator":{"name":"functions"},"message":"[worker-api-ee954de6-59fc-418a-92b8-5cd0382ed190]: Assigning socketPath: /var/folders/p7/8tm68fxx4lxd183_n8qsklx80000gn/T/fire_emu_11882.sock"}}
[debug] [2020-12-22T23:31:34.820Z] [worker-api-ee954de6-59fc-418a-92b8-5cd0382ed190]: BUSY {"metadata":{"emulator":{"name":"functions"},"message":"[worker-api-ee954de6-59fc-418a-92b8-5cd0382ed190]: BUSY"}}
[debug] [2020-12-22T23:31:35.272Z] [runtime-status] [11882] Functions runtime initialized. {"cwd":"/Users/monicakes/projects/ecommerce/functions","node_version":"12.16.1"} {"metadata":{"emulator":{"name":"functions"},"function":{"name":"api"},"message":"[runtime-status] [11882] Functions runtime initialized. {\"cwd\":\"/Users/monicakes/projects/ecommerce/functions\",\"node_version\":\"12.16.1\"}"}}
[debug] [2020-12-22T23:31:35.272Z] [runtime-status] [11882] Disabled runtime features: undefined {"metadata":{"emulator":{"name":"functions"},"function":{"name":"api"},"message":"[runtime-status] [11882] Disabled runtime features: undefined"}}
[debug] [2020-12-22T23:31:35.277Z] [runtime-status] [11882] Resolved module firebase-admin {"declared":true,"installed":true,"version":"9.4.2","resolution":"/Users/monicakes/projects/ecommerce/functions/node_modules/firebase-admin/lib/index.js"} {"metadata":{"emulator":{"name":"functions"},"function":{"name":"api"},"message":"[runtime-status] [11882] Resolved module firebase-admin {\"declared\":true,\"installed\":true,\"version\":\"9.4.2\",\"resolution\":\"/Users/monicakes/projects/ecommerce/functions/node_modules/firebase-admin/lib/index.js\"}"}}
[debug] [2020-12-22T23:31:35.280Z] [runtime-status] [11882] Resolved module firebase-functions {"declared":true,"installed":true,"version":"3.13.0","resolution":"/Users/monicakes/projects/ecommerce/functions/node_modules/firebase-functions/lib/index.js"} {"metadata":{"emulator":{"name":"functions"},"function":{"name":"api"},"message":"[runtime-status] [11882] Resolved module firebase-functions {\"declared\":true,\"installed\":true,\"version\":\"3.13.0\",\"resolution\":\"/Users/monicakes/projects/ecommerce/functions/node_modules/firebase-functions/lib/index.js\"}"}}
[debug] [2020-12-22T23:31:35.281Z] [runtime-status] [11882] Resolved module firebase-functions {"declared":true,"installed":true,"version":"3.13.0","resolution":"/Users/monicakes/projects/ecommerce/functions/node_modules/firebase-functions/lib/index.js"} {"metadata":{"emulator":{"name":"functions"},"function":{"name":"api"},"message":"[runtime-status] [11882] Resolved module firebase-functions {\"declared\":true,\"installed\":true,\"version\":\"3.13.0\",\"resolution\":\"/Users/monicakes/projects/ecommerce/functions/node_modules/firebase-functions/lib/index.js\"}"}}
[debug] [2020-12-22T23:31:35.283Z] [runtime-status] [11882] Outgoing network have been stubbed. [{"name":"http","status":"mocked"},{"name":"http","status":"mocked"},{"name":"https","status":"mocked"},{"name":"https","status":"mocked"},{"name":"net","status":"mocked"}] {"metadata":{"emulator":{"name":"functions"},"function":{"name":"api"},"message":"[runtime-status] [11882] Outgoing network have been stubbed. [{\"name\":\"http\",\"status\":\"mocked\"},{\"name\":\"http\",\"status\":\"mocked\"},{\"name\":\"https\",\"status\":\"mocked\"},{\"name\":\"https\",\"status\":\"mocked\"},{\"name\":\"net\",\"status\":\"mocked\"}]"}}
[debug] [2020-12-22T23:31:35.284Z] [runtime-status] [11882] Resolved module firebase-functions {"declared":true,"installed":true,"version":"3.13.0","resolution":"/Users/monicakes/projects/ecommerce/functions/node_modules/firebase-functions/lib/index.js"} {"metadata":{"emulator":{"name":"functions"},"function":{"name":"api"},"message":"[runtime-status] [11882] Resolved module firebase-functions {\"declared\":true,\"installed\":true,\"version\":\"3.13.0\",\"resolution\":\"/Users/monicakes/projects/ecommerce/functions/node_modules/firebase-functions/lib/index.js\"}"}}
[debug] [2020-12-22T23:31:35.380Z] [runtime-status] [11882] Checked functions.config() {"config":{}} {"metadata":{"emulator":{"name":"functions"},"function":{"name":"api"},"message":"[runtime-status] [11882] Checked functions.config() {\"config\":{}}"}}
[debug] [2020-12-22T23:31:35.381Z] [runtime-status] [11882] firebase-functions has been stubbed. {"functionsResolution":{"declared":true,"installed":true,"version":"3.13.0","resolution":"/Users/monicakes/projects/ecommerce/functions/node_modules/firebase-functions/lib/index.js"}} {"metadata":{"emulator":{"name":"functions"},"function":{"name":"api"},"message":"[runtime-status] [11882] firebase-functions has been stubbed. {\"functionsResolution\":{\"declared\":true,\"installed\":true,\"version\":\"3.13.0\",\"resolution\":\"/Users/monicakes/projects/ecommerce/functions/node_modules/firebase-functions/lib/index.js\"}}"}}
[debug] [2020-12-22T23:31:35.381Z] [runtime-status] [11882] Resolved module firebase-functions {"declared":true,"installed":true,"version":"3.13.0","resolution":"/Users/monicakes/projects/ecommerce/functions/node_modules/firebase-functions/lib/index.js"} {"metadata":{"emulator":{"name":"functions"},"function":{"name":"api"},"message":"[runtime-status] [11882] Resolved module firebase-functions {\"declared\":true,\"installed\":true,\"version\":\"3.13.0\",\"resolution\":\"/Users/monicakes/projects/ecommerce/functions/node_modules/firebase-functions/lib/index.js\"}"}}
[debug] [2020-12-22T23:31:35.382Z] [runtime-status] [11882] Resolved module firebase-admin {"declared":true,"installed":true,"version":"9.4.2","resolution":"/Users/monicakes/projects/ecommerce/functions/node_modules/firebase-admin/lib/index.js"} {"metadata":{"emulator":{"name":"functions"},"function":{"name":"api"},"message":"[runtime-status] [11882] Resolved module firebase-admin {\"declared\":true,\"installed\":true,\"version\":\"9.4.2\",\"resolution\":\"/Users/monicakes/projects/ecommerce/functions/node_modules/firebase-admin/lib/index.js\"}"}}
[debug] [2020-12-22T23:31:35.383Z] [runtime-status] [11882] Resolved module firebase-functions {"declared":true,"installed":true,"version":"3.13.0","resolution":"/Users/monicakes/projects/ecommerce/functions/node_modules/firebase-functions/lib/index.js"} {"metadata":{"emulator":{"name":"functions"},"function":{"name":"api"},"message":"[runtime-status] [11882] Resolved module firebase-functions {\"declared\":true,\"installed\":true,\"version\":\"3.13.0\",\"resolution\":\"/Users/monicakes/projects/ecommerce/functions/node_modules/firebase-functions/lib/index.js\"}"}}
[debug] [2020-12-22T23:31:35.383Z] [runtime-status] [11882] firebase-admin has been stubbed. {"adminResolution":{"declared":true,"installed":true,"version":"9.4.2","resolution":"/Users/monicakes/projects/ecommerce/functions/node_modules/firebase-admin/lib/index.js"}} {"metadata":{"emulator":{"name":"functions"},"function":{"name":"api"},"message":"[runtime-status] [11882] firebase-admin has been stubbed. {\"adminResolution\":{\"declared\":true,\"installed\":true,\"version\":\"9.4.2\",\"resolution\":\"/Users/monicakes/projects/ecommerce/functions/node_modules/firebase-admin/lib/index.js\"}}"}}
[debug] [2020-12-22T23:31:35.727Z] [runtime-status] [11882] Trigger "api" has been found, beginning invocation! {"metadata":{"emulator":{"name":"functions"},"function":{"name":"api"},"message":"[runtime-status] [11882] Trigger \"api\" has been found, beginning invocation!"}}
[info] i  functions: Beginning execution of "api" {"metadata":{"emulator":{"name":"functions"},"function":{"name":"api"},"message":"Beginning execution of \"api\""}}
[debug] [2020-12-22T23:31:35.729Z] [runtime-status] [11882] triggerDefinition {"httpsTrigger":{},"name":"api","entryPoint":"api"} {"metadata":{"emulator":{"name":"functions"},"function":{"name":"api"},"message":"[runtime-status] [11882] triggerDefinition {\"httpsTrigger\":{},\"name\":\"api\",\"entryPoint\":\"api\"}"}}
[debug] [2020-12-22T23:31:35.729Z] [runtime-status] [11882] Running api in mode HTTPS {"metadata":{"emulator":{"name":"functions"},"function":{"name":"api"},"message":"[runtime-status] [11882] Running api in mode HTTPS"}}
[debug] [2020-12-22T23:31:35.733Z] [runtime-status] [11882] Attempting to listen to socketPath: /var/folders/p7/8tm68fxx4lxd183_n8qsklx80000gn/T/fire_emu_11882.sock {"metadata":{"emulator":{"name":"functions"},"function":{"name":"api"},"message":"[runtime-status] [11882] Attempting to listen to socketPath: /var/folders/p7/8tm68fxx4lxd183_n8qsklx80000gn/T/fire_emu_11882.sock"}}
[debug] [2020-12-22T23:31:35.749Z] [functions] Runtime ready! Sending request! {"metadata":{"emulator":{"name":"functions"},"message":"[functions] Runtime ready! Sending request!"}}
[debug] [2020-12-22T23:31:35.760Z] [runtime-status] [11882] Ephemeral server handling POST request {"metadata":{"emulator":{"name":"functions"},"function":{"name":"api"},"message":"[runtime-status] [11882] Ephemeral server handling POST request"}}
[debug] [2020-12-22T23:31:35.774Z] [runtime-status] [11882] Ephemeral server survived. {"metadata":{"emulator":{"name":"functions"},"function":{"name":"api"},"message":"[runtime-status] [11882] Ephemeral server survived."}}
[info] i  functions: Finished "api" in ~1s {"metadata":{"emulator":{"name":"functions"},"function":{"name":"api"},"message":"Finished \"api\" in ~1s"}}
[debug] [2020-12-22T23:31:36.385Z] [worker-api-ee954de6-59fc-418a-92b8-5cd0382ed190]: IDLE {"metadata":{"emulator":{"name":"functions"},"message":"[worker-api-ee954de6-59fc-418a-92b8-5cd0382ed190]: IDLE"}}
[debug] [2020-12-22T23:31:36.386Z] [work-queue] {"queueLength":0,"workRunningCount":0}
[debug] [2020-12-22T23:35:44.116Z] [work-queue] {"queueLength":1,"workRunningCount":0}
[debug] [2020-12-22T23:35:44.116Z] [work-queue] {"queueLength":0,"workRunningCount":1}
[debug] [2020-12-22T23:35:44.117Z] Accepted request POST /clone-e6fc9/us-central1/api/payments/create?total=2999 --> api
[debug] [2020-12-22T23:35:44.117Z] [worker-pool] submitWork(triggerId=api) {"metadata":{"emulator":{"name":"functions"},"message":"[worker-pool] submitWork(triggerId=api)"}}
[debug] [2020-12-22T23:35:44.117Z] [worker-api-ee954de6-59fc-418a-92b8-5cd0382ed190]: Assigning socketPath: /var/folders/p7/8tm68fxx4lxd183_n8qsklx80000gn/T/fire_emu_11882.sock {"metadata":{"emulator":{"name":"functions"},"message":"[worker-api-ee954de6-59fc-418a-92b8-5cd0382ed190]: Assigning socketPath: /var/folders/p7/8tm68fxx4lxd183_n8qsklx80000gn/T/fire_emu_11882.sock"}}
[debug] [2020-12-22T23:35:44.117Z] [worker-api-ee954de6-59fc-418a-92b8-5cd0382ed190]: BUSY {"metadata":{"emulator":{"name":"functions"},"message":"[worker-api-ee954de6-59fc-418a-92b8-5cd0382ed190]: BUSY"}}
[debug] [2020-12-22T23:35:44.124Z] [runtime-status] [11882] Trigger "api" has been found, beginning invocation! {"metadata":{"emulator":{"name":"functions"},"function":{"name":"api"},"message":"[runtime-status] [11882] Trigger \"api\" has been found, beginning invocation!"}}
[info] i  functions: Beginning execution of "api" {"metadata":{"emulator":{"name":"functions"},"function":{"name":"api"},"message":"Beginning execution of \"api\""}}
[debug] [2020-12-22T23:35:44.126Z] [runtime-status] [11882] triggerDefinition {"httpsTrigger":{},"name":"api","entryPoint":"api"} {"metadata":{"emulator":{"name":"functions"},"function":{"name":"api"},"message":"[runtime-status] [11882] triggerDefinition {\"httpsTrigger\":{},\"name\":\"api\",\"entryPoint\":\"api\"}"}}
[debug] [2020-12-22T23:35:44.126Z] [runtime-status] [11882] Running api in mode HTTPS {"metadata":{"emulator":{"name":"functions"},"function":{"name":"api"},"message":"[runtime-status] [11882] Running api in mode HTTPS"}}
[debug] [2020-12-22T23:35:44.127Z] [runtime-status] [11882] Attempting to listen to socketPath: /var/folders/p7/8tm68fxx4lxd183_n8qsklx80000gn/T/fire_emu_11882.sock {"metadata":{"emulator":{"name":"functions"},"function":{"name":"api"},"message":"[runtime-status] [11882] Attempting to listen to socketPath: /var/folders/p7/8tm68fxx4lxd183_n8qsklx80000gn/T/fire_emu_11882.sock"}}
[debug] [2020-12-22T23:35:44.129Z] [functions] Runtime ready! Sending request! {"metadata":{"emulator":{"name":"functions"},"message":"[functions] Runtime ready! Sending request!"}}
[debug] [2020-12-22T23:35:44.140Z] [runtime-status] [11882] Ephemeral server handling POST request {"metadata":{"emulator":{"name":"functions"},"function":{"name":"api"},"message":"[runtime-status] [11882] Ephemeral server handling POST request"}}
[debug] [2020-12-22T23:35:44.140Z] [runtime-status] [11882] Ephemeral server survived. {"metadata":{"emulator":{"name":"functions"},"function":{"name":"api"},"message":"[runtime-status] [11882] Ephemeral server survived."}}
[info] i  functions: Finished "api" in ~1s {"metadata":{"emulator":{"name":"functions"},"function":{"name":"api"},"message":"Finished \"api\" in ~1s"}}
[debug] [2020-12-22T23:35:44.460Z] [worker-api-ee954de6-59fc-418a-92b8-5cd0382ed190]: IDLE {"metadata":{"emulator":{"name":"functions"},"message":"[worker-api-ee954de6-59fc-418a-92b8-5cd0382ed190]: IDLE"}}
[debug] [2020-12-22T23:35:44.460Z] [work-queue] {"queueLength":0,"workRunningCount":0}
